Flutter crash report.
Please report a bug at https://github.com/flutter/flutter/issues.

## command

flutter --quiet assemble --no-version-check --depfile C:\triptourapp\build\app\intermediates\flutter\debug/flutter_build.d --output C:\triptourapp\build\app\intermediates\flutter\debug -dTargetFile=C:\triptourapp\lib\main.dart -dTargetPlatform=android -dBuildMode=debug -dTrackWidgetCreation=true --DartDefines=RkxVVFRFUl9XRUJfQVVUT19ERVRFQ1Q9dHJ1ZQ==,RkxVVFRFUl9XRUJfQ0FOVkFTS0lUX1VSTD1odHRwczovL3d3dy5nc3RhdGljLmNvbS9mbHV0dGVyLWNhbnZhc2tpdC81NGE3MTQ1MzAzZjBkZDlkMGY5MzQyNGEyZTEyNGViNGFiZWY1MDkxLw== debug_android_application

## exception

PathAccessException: PathAccessException: Cannot delete file, path = 'C:\triptourapp\.dart_tool\flutter_build\6f5465cd09ec79b72be00f297595930d\kernel_snapshot.stamp' (OS Error: The process cannot access the file because it is being used by another process.
, errno = 32)

```
#0      _File.throwIfError (dart:io/file_impl.dart:675:7)
#1      _File._deleteSync (dart:io/file_impl.dart:329:5)
#2      FileSystemEntity.deleteSync (dart:io/file_system_entity.dart:414:7)
#3      ForwardingFileSystemEntity.deleteSync (package:file/src/forwarding/forwarding_file_system_entity.dart:70:16)
#4      ForwardingFileSystemEntity.deleteSync (package:file/src/forwarding/forwarding_file_system_entity.dart:70:16)
#5      ErrorHandlingFileSystem.deleteIfExists (package:flutter_tools/src/base/error_handling_io.dart:80:12)
#6      Target.clearStamp (package:flutter_tools/src/build_system/build_system.dart:166:29)
#7      _BuildInstance._invokeInternal (package:flutter_tools/src/build_system/build_system.dart:880:19)
<asynchronous suspension>
#8      Future.wait.<anonymous closure> (dart:async/future.dart:523:21)
<asynchronous suspension>
#9      _BuildInstance.invokeTarget (package:flutter_tools/src/build_system/build_system.dart:791:32)
<asynchronous suspension>
#10     FlutterBuildSystem.build (package:flutter_tools/src/build_system/build_system.dart:620:16)
<asynchronous suspension>
#11     AssembleCommand.runCommand (package:flutter_tools/src/commands/assemble.dart:315:32)
<asynchronous suspension>
#12     FlutterCommand.run.<anonymous closure> (package:flutter_tools/src/runner/flutter_command.dart:1350:27)
<asynchronous suspension>
#13     AppContext.run.<anonymous closure> (package:flutter_tools/src/base/context.dart:150:19)
<asynchronous suspension>
#14     CommandRunner.runCommand (package:args/command_runner.dart:212:13)
<asynchronous suspension>
#15     FlutterCommandRunner.runCommand.<anonymous closure> (package:flutter_tools/src/runner/flutter_command_runner.dart:348:9)
<asynchronous suspension>
#16     AppContext.run.<anonymous closure> (package:flutter_tools/src/base/context.dart:150:19)
<asynchronous suspension>
#17     FlutterCommandRunner.runCommand (package:flutter_tools/src/runner/flutter_command_runner.dart:294:5)
<asynchronous suspension>
#18     run.<anonymous closure>.<anonymous closure> (package:flutter_tools/runner.dart:112:9)
<asynchronous suspension>
#19     AppContext.run.<anonymous closure> (package:flutter_tools/src/base/context.dart:150:19)
<asynchronous suspension>
#20     main (package:flutter_tools/executable.dart:90:3)
<asynchronous suspension>
```

## flutter doctor

```
[✓] Flutter (Channel stable, 3.16.4, on Microsoft Windows [Version 10.0.19045.4046], locale th-TH)
    • Flutter version 3.16.4 on channel stable at C:\src\flutter
    • Upstream repository https://github.com/flutter/flutter.git
    • Framework revision 2e9cb0aa71 (3 months ago), 2023-12-11 14:35:13 -0700
    • Engine revision 54a7145303
    • Dart version 3.2.3
    • DevTools version 2.28.4

[✓] Windows Version (Installed version of Windows is version 10 or higher)

[!] Android toolchain - develop for Android devices (Android SDK version 34.0.0)
    • Android SDK at C:\Users\wanla\AppData\Local\Android\Sdk
    • Platform android-34, build-tools 34.0.0
    • ANDROID_SDK_ROOT = C:\Users\wanla\AppData\Local\Android\Sdk
    • Java binary at: C:\Program Files\Android\Android Studio\jbr\bin\java
    • Java version OpenJDK Runtime Environment (build 17.0.7+0-b2043.56-10550314)
    ! Some Android licenses not accepted. To resolve this, run: flutter doctor --android-licenses

[✓] Chrome - develop for the web
    • Chrome at C:\Program Files\Google\Chrome\Application\chrome.exe

[✓] Visual Studio - develop Windows apps (Visual Studio Community 2022 17.9.1)
    • Visual Studio at C:\Program Files\Microsoft Visual Studio\2022\Community
    • Visual Studio Community 2022 version 17.9.34616.47
    • Windows 10 SDK version 10.0.22621.0

[✓] Android Studio (version 2023.1)
    • Android Studio at C:\Program Files\Android\Android Studio
    • Flutter plugin can be installed from:
      🔨 https://plugins.jetbrains.com/plugin/9212-flutter
    • Dart plugin can be installed from:
      🔨 https://plugins.jetbrains.com/plugin/6351-dart
    • Java version OpenJDK Runtime Environment (build 17.0.7+0-b2043.56-10550314)

[✓] VS Code (version 1.87.0)
    • VS Code at C:\Users\wanla\AppData\Local\Programs\Microsoft VS Code
    • Flutter extension version 3.84.0

[✓] Connected device (4 available)
    • sdk gphone64 x86 64 (mobile) • emulator-5554 • android-x64    • Android 12 (API 31) (emulator)
    • Windows (desktop)            • windows       • windows-x64    • Microsoft Windows [Version 10.0.19045.4046]
    • Chrome (web)                 • chrome        • web-javascript • Google Chrome 122.0.6261.95
    • Edge (web)                   • edge          • web-javascript • Microsoft Edge 122.0.2365.59

[✓] Network resources
    • All expected network resources are available.

! Doctor found issues in 1 category.
```
